module.js:471
    throw err;
    ^

Error: Cannot find module '/opt/bitnami/apache2/htdocs/InClassProjects/ACT_10_Node_API/poki/public/npm'
    at Function.Module._resolveFilename (module.js:469:15)
    at Function.Module._load (module.js:417:25)
    at Module.runMain (module.js:604:10)
    at run (bootstrap_node.js:389:7)
    at startup (bootstrap_node.js:149:9)
    at bootstrap_node.js:502:3

> poki@0.0.0 start /opt/bitnami/apache2/htdocs/InClassProjects/ACT_10_Node_API/poki
> node ./bin/www

Port 3000 is already in use

npm ERR! Linux 3.13.0-129-generic
npm ERR! argv "/opt/bitnami/nodejs/bin/.node.bin" "/opt/bitnami/nodejs/bin/npm" "start"
npm ERR! node v6.11.3
npm ERR! npm  v3.10.10
npm ERR! code ELIFECYCLE
npm ERR! poki@0.0.0 start: `node ./bin/www`
npm ERR! Exit status 1
npm ERR! 
npm ERR! Failed at the poki@0.0.0 start script 'node ./bin/www'.
npm ERR! Make sure you have the latest version of node.js and npm installed.
npm ERR! If you do, this is most likely a problem with the poki package,
npm ERR! not with npm itself.
npm ERR! Tell the author that this fails on your system:
npm ERR!     node ./bin/www
npm ERR! You can get information on how to open an issue for this project with:
npm ERR!     npm bugs poki
npm ERR! Or if that isn't available, you can get their info via:
npm ERR!     npm owner ls poki
npm ERR! There is likely additional logging output above.

npm ERR! Please include the following file with any support request:
npm ERR!     /opt/bitnami/apache2/htdocs/InClassProjects/ACT_10_Node_API/poki/public/npm-debug.log
